{"/Users/jayasurya.karthikeyan/Desktop/Node/TS-monorepo/dist/workspaces/package1/index.js": {"path":"/Users/jayasurya.karthikeyan/Desktop/Node/TS-monorepo/dist/workspaces/package1/index.js","statementMap":{"0":{"start":{"line":2,"column":16},"end":{"line":10,"column":1}},"1":{"start":{"line":3,"column":28},"end":{"line":3,"column":110}},"2":{"start":{"line":3,"column":91},"end":{"line":3,"column":106}},"3":{"start":{"line":4,"column":4},"end":{"line":9,"column":7}},"4":{"start":{"line":5,"column":36},"end":{"line":5,"column":97}},"5":{"start":{"line":5,"column":42},"end":{"line":5,"column":70}},"6":{"start":{"line":5,"column":85},"end":{"line":5,"column":95}},"7":{"start":{"line":6,"column":35},"end":{"line":6,"column":100}},"8":{"start":{"line":6,"column":41},"end":{"line":6,"column":73}},"9":{"start":{"line":6,"column":88},"end":{"line":6,"column":98}},"10":{"start":{"line":7,"column":32},"end":{"line":7,"column":116}},"11":{"start":{"line":8,"column":8},"end":{"line":8,"column":78}},"12":{"start":{"line":11,"column":22},"end":{"line":13,"column":1}},"13":{"start":{"line":12,"column":4},"end":{"line":12,"column":62}},"14":{"start":{"line":14,"column":0},"end":{"line":14,"column":62}},"15":{"start":{"line":15,"column":19},"end":{"line":15,"column":55}},"16":{"start":{"line":16,"column":17},"end":{"line":16,"column":34}},"17":{"start":{"line":17,"column":18},"end":{"line":28,"column":2}},"18":{"start":{"line":17,"column":24},"end":{"line":28,"column":2}},"19":{"start":{"line":18,"column":4},"end":{"line":18,"column":27}},"20":{"start":{"line":19,"column":18},"end":{"line":19,"column":71}},"21":{"start":{"line":20,"column":20},"end":{"line":23,"column":5}},"22":{"start":{"line":24,"column":4},"end":{"line":27,"column":54}},"23":{"start":{"line":26,"column":20},"end":{"line":26,"column":49}},"24":{"start":{"line":27,"column":24},"end":{"line":27,"column":52}},"25":{"start":{"line":29,"column":0},"end":{"line":29,"column":28}}},"fnMap":{"0":{"name":"(anonymous_0)","decl":{"start":{"line":2,"column":44},"end":{"line":2,"column":45}},"loc":{"start":{"line":2,"column":89},"end":{"line":10,"column":1}},"line":2},"1":{"name":"adopt","decl":{"start":{"line":3,"column":13},"end":{"line":3,"column":18}},"loc":{"start":{"line":3,"column":26},"end":{"line":3,"column":112}},"line":3},"2":{"name":"(anonymous_2)","decl":{"start":{"line":3,"column":70},"end":{"line":3,"column":71}},"loc":{"start":{"line":3,"column":89},"end":{"line":3,"column":108}},"line":3},"3":{"name":"(anonymous_3)","decl":{"start":{"line":4,"column":36},"end":{"line":4,"column":37}},"loc":{"start":{"line":4,"column":63},"end":{"line":9,"column":5}},"line":4},"4":{"name":"fulfilled","decl":{"start":{"line":5,"column":17},"end":{"line":5,"column":26}},"loc":{"start":{"line":5,"column":34},"end":{"line":5,"column":99}},"line":5},"5":{"name":"rejected","decl":{"start":{"line":6,"column":17},"end":{"line":6,"column":25}},"loc":{"start":{"line":6,"column":33},"end":{"line":6,"column":102}},"line":6},"6":{"name":"step","decl":{"start":{"line":7,"column":17},"end":{"line":7,"column":21}},"loc":{"start":{"line":7,"column":30},"end":{"line":7,"column":118}},"line":7},"7":{"name":"(anonymous_7)","decl":{"start":{"line":11,"column":56},"end":{"line":11,"column":57}},"loc":{"start":{"line":11,"column":71},"end":{"line":13,"column":1}},"line":11},"8":{"name":"(anonymous_8)","decl":{"start":{"line":17,"column":18},"end":{"line":17,"column":19}},"loc":{"start":{"line":17,"column":24},"end":{"line":28,"column":2}},"line":17},"9":{"name":"(anonymous_9)","decl":{"start":{"line":17,"column":58},"end":{"line":17,"column":59}},"loc":{"start":{"line":17,"column":71},"end":{"line":28,"column":1}},"line":17},"10":{"name":"(anonymous_10)","decl":{"start":{"line":26,"column":14},"end":{"line":26,"column":15}},"loc":{"start":{"line":26,"column":20},"end":{"line":26,"column":49}},"line":26},"11":{"name":"(anonymous_11)","decl":{"start":{"line":27,"column":15},"end":{"line":27,"column":16}},"loc":{"start":{"line":27,"column":24},"end":{"line":27,"column":52}},"line":27}},"branchMap":{"0":{"loc":{"start":{"line":2,"column":16},"end":{"line":10,"column":1}},"type":"binary-expr","locations":[{"start":{"line":2,"column":17},"end":{"line":2,"column":21}},{"start":{"line":2,"column":25},"end":{"line":2,"column":39}},{"start":{"line":2,"column":44},"end":{"line":10,"column":1}}],"line":2},"1":{"loc":{"start":{"line":3,"column":35},"end":{"line":3,"column":109}},"type":"cond-expr","locations":[{"start":{"line":3,"column":56},"end":{"line":3,"column":61}},{"start":{"line":3,"column":64},"end":{"line":3,"column":109}}],"line":3},"2":{"loc":{"start":{"line":4,"column":16},"end":{"line":4,"column":34}},"type":"binary-expr","locations":[{"start":{"line":4,"column":16},"end":{"line":4,"column":17}},{"start":{"line":4,"column":22},"end":{"line":4,"column":33}}],"line":4},"3":{"loc":{"start":{"line":7,"column":32},"end":{"line":7,"column":115}},"type":"cond-expr","locations":[{"start":{"line":7,"column":46},"end":{"line":7,"column":67}},{"start":{"line":7,"column":70},"end":{"line":7,"column":115}}],"line":7},"4":{"loc":{"start":{"line":8,"column":51},"end":{"line":8,"column":67}},"type":"binary-expr","locations":[{"start":{"line":8,"column":51},"end":{"line":8,"column":61}},{"start":{"line":8,"column":65},"end":{"line":8,"column":67}}],"line":8},"5":{"loc":{"start":{"line":11,"column":22},"end":{"line":13,"column":1}},"type":"binary-expr","locations":[{"start":{"line":11,"column":23},"end":{"line":11,"column":27}},{"start":{"line":11,"column":31},"end":{"line":11,"column":51}},{"start":{"line":11,"column":56},"end":{"line":13,"column":1}}],"line":11},"6":{"loc":{"start":{"line":12,"column":11},"end":{"line":12,"column":61}},"type":"cond-expr","locations":[{"start":{"line":12,"column":37},"end":{"line":12,"column":40}},{"start":{"line":12,"column":43},"end":{"line":12,"column":61}}],"line":12},"7":{"loc":{"start":{"line":12,"column":12},"end":{"line":12,"column":33}},"type":"binary-expr","locations":[{"start":{"line":12,"column":12},"end":{"line":12,"column":15}},{"start":{"line":12,"column":19},"end":{"line":12,"column":33}}],"line":12},"8":{"loc":{"start":{"line":19,"column":18},"end":{"line":19,"column":71}},"type":"cond-expr","locations":[{"start":{"line":19,"column":38},"end":{"line":19,"column":66}},{"start":{"line":19,"column":69},"end":{"line":19,"column":71}}],"line":19}},"s":{"0":1,"1":1,"2":0,"3":1,"4":1,"5":1,"6":0,"7":0,"8":0,"9":0,"10":2,"11":1,"12":1,"13":1,"14":1,"15":1,"16":1,"17":1,"18":1,"19":1,"20":1,"21":1,"22":1,"23":1,"24":0,"25":1},"f":{"0":1,"1":1,"2":0,"3":1,"4":1,"5":0,"6":2,"7":1,"8":1,"9":1,"10":1,"11":0},"b":{"0":[1,1,1],"1":[1,0],"2":[1,1],"3":[1,1],"4":[1,1],"5":[1,1,1],"6":[0,1],"7":[1,1],"8":[1,0]},"inputSourceMap":null,"_coverageSchema":"1a1c01bbd47fc00a2c39e90264f33305004495a9","hash":"0906ba9e6193529ae2b18708fe2d47ff458a466b"}
,"/Users/jayasurya.karthikeyan/Desktop/Node/TS-monorepo/workspaces/package2/index.ts": {"path":"/Users/jayasurya.karthikeyan/Desktop/Node/TS-monorepo/workspaces/package2/index.ts","statementMap":{"0":{"start":{"line":1,"column":0},"end":{"line":1,"column":66}},"1":{"start":{"line":2,"column":0},"end":{"line":2,"column":61}},"2":{"start":{"line":4,"column":0},"end":{"line":4,"column":46}},"3":{"start":{"line":6,"column":0},"end":{"line":6,"column":28}},"4":{"start":{"line":8,"column":25},"end":{"line":8,"column":34}},"5":{"start":{"line":9,"column":0},"end":{"line":9,"column":24}},"6":{"start":{"line":12,"column":0},"end":{"line":12,"column":12}},"7":{"start":{"line":14,"column":18},"end":{"line":23,"column":1}},"8":{"start":{"line":15,"column":2},"end":{"line":15,"column":20}},"9":{"start":{"line":16,"column":2},"end":{"line":22,"column":4}},"10":{"start":{"line":25,"column":16},"end":{"line":31,"column":2}},"11":{"start":{"line":25,"column":27},"end":{"line":31,"column":2}},"12":{"start":{"line":26,"column":2},"end":{"line":26,"column":24}},"13":{"start":{"line":27,"column":2},"end":{"line":30,"column":38}},"14":{"start":{"line":29,"column":20},"end":{"line":29,"column":37}},"15":{"start":{"line":30,"column":20},"end":{"line":30,"column":36}},"16":{"start":{"line":94,"column":9},"end":{"line":94,"column":16}},"17":{"start":{"line":33,"column":19},"end":{"line":43,"column":2}},"18":{"start":{"line":33,"column":30},"end":{"line":43,"column":2}},"19":{"start":{"line":34,"column":20},"end":{"line":41,"column":4}},"20":{"start":{"line":42,"column":2},"end":{"line":42,"column":43}},"21":{"start":{"line":94,"column":18},"end":{"line":94,"column":28}},"22":{"start":{"line":45,"column":23},"end":{"line":48,"column":2}},"23":{"start":{"line":45,"column":53},"end":{"line":48,"column":2}},"24":{"start":{"line":46,"column":18},"end":{"line":46,"column":53}},"25":{"start":{"line":47,"column":2},"end":{"line":47,"column":17}},"26":{"start":{"line":50,"column":0},"end":{"line":60,"column":3}},"27":{"start":{"line":50,"column":59},"end":{"line":60,"column":2}},"28":{"start":{"line":51,"column":2},"end":{"line":59,"column":7}},"29":{"start":{"line":54,"column":6},"end":{"line":55,"column":67}},"30":{"start":{"line":54,"column":27},"end":{"line":54,"column":54}},"31":{"start":{"line":55,"column":11},"end":{"line":55,"column":67}},"32":{"start":{"line":58,"column":6},"end":{"line":58,"column":51}},"33":{"start":{"line":62,"column":0},"end":{"line":85,"column":3}},"34":{"start":{"line":62,"column":60},"end":{"line":85,"column":2}},"35":{"start":{"line":63,"column":34},"end":{"line":63,"column":42}},"36":{"start":{"line":64,"column":2},"end":{"line":67,"column":null}},"37":{"start":{"line":65,"column":4},"end":{"line":65,"column":49}},"38":{"start":{"line":66,"column":4},"end":{"line":66,"column":11}},"39":{"start":{"line":68,"column":2},"end":{"line":84,"column":null}},"40":{"start":{"line":70,"column":19},"end":{"line":70,"column":76}},"41":{"start":{"line":71,"column":4},"end":{"line":74,"column":9}},"42":{"start":{"line":72,"column":6},"end":{"line":74,"column":9}},"43":{"start":{"line":75,"column":25},"end":{"line":75,"column":49}},"44":{"start":{"line":76,"column":4},"end":{"line":76,"column":75}},"45":{"start":{"line":78,"column":4},"end":{"line":78,"column":26}},"46":{"start":{"line":79,"column":20},"end":{"line":79,"column":50}},"47":{"start":{"line":80,"column":4},"end":{"line":80,"column":25}},"48":{"start":{"line":81,"column":4},"end":{"line":81,"column":76}},"49":{"start":{"line":83,"column":4},"end":{"line":83,"column":39}},"50":{"start":{"line":87,"column":0},"end":{"line":87,"column":54}},"51":{"start":{"line":87,"column":23},"end":{"line":87,"column":52}},"52":{"start":{"line":93,"column":0},"end":{"line":93,"column":19}}},"fnMap":{"0":{"name":"(anonymous_8)","decl":{"start":{"line":14,"column":18},"end":{"line":14,"column":19}},"loc":{"start":{"line":14,"column":51},"end":{"line":23,"column":1}}},"1":{"name":"(anonymous_9)","decl":{"start":{"line":25,"column":16},"end":{"line":25,"column":25}},"loc":{"start":{"line":25,"column":27},"end":{"line":31,"column":2}}},"2":{"name":"(anonymous_10)","decl":{"start":{"line":25,"column":27},"end":{"line":25,"column":null}},"loc":{"start":{"line":25,"column":27},"end":{"line":31,"column":1}}},"3":{"name":"(anonymous_11)","decl":{"start":{"line":29,"column":10},"end":{"line":29,"column":11}},"loc":{"start":{"line":29,"column":20},"end":{"line":29,"column":37}}},"4":{"name":"(anonymous_12)","decl":{"start":{"line":30,"column":11},"end":{"line":30,"column":12}},"loc":{"start":{"line":30,"column":20},"end":{"line":30,"column":36}}},"5":{"name":"(anonymous_13)","decl":{"start":{"line":33,"column":19},"end":{"line":33,"column":28}},"loc":{"start":{"line":33,"column":30},"end":{"line":43,"column":2}}},"6":{"name":"(anonymous_14)","decl":{"start":{"line":33,"column":30},"end":{"line":33,"column":null}},"loc":{"start":{"line":33,"column":30},"end":{"line":43,"column":1}}},"7":{"name":"(anonymous_15)","decl":{"start":{"line":45,"column":23},"end":{"line":45,"column":30}},"loc":{"start":{"line":45,"column":53},"end":{"line":48,"column":2}}},"8":{"name":"(anonymous_16)","decl":{"start":{"line":45,"column":53},"end":{"line":45,"column":null}},"loc":{"start":{"line":45,"column":53},"end":{"line":48,"column":1}}},"9":{"name":"(anonymous_17)","decl":{"start":{"line":50,"column":21},"end":{"line":50,"column":28}},"loc":{"start":{"line":50,"column":59},"end":{"line":60,"column":2}}},"10":{"name":"(anonymous_18)","decl":{"start":{"line":50,"column":59},"end":{"line":50,"column":null}},"loc":{"start":{"line":50,"column":59},"end":{"line":60,"column":1}}},"11":{"name":"(anonymous_19)","decl":{"start":{"line":53,"column":10},"end":{"line":53,"column":11}},"loc":{"start":{"line":53,"column":19},"end":{"line":56,"column":5}}},"12":{"name":"(anonymous_20)","decl":{"start":{"line":57,"column":11},"end":{"line":57,"column":12}},"loc":{"start":{"line":57,"column":19},"end":{"line":59,"column":5}}},"13":{"name":"(anonymous_21)","decl":{"start":{"line":62,"column":22},"end":{"line":62,"column":29}},"loc":{"start":{"line":62,"column":60},"end":{"line":85,"column":2}}},"14":{"name":"(anonymous_22)","decl":{"start":{"line":62,"column":60},"end":{"line":62,"column":null}},"loc":{"start":{"line":62,"column":60},"end":{"line":85,"column":1}}},"15":{"name":"(anonymous_23)","decl":{"start":{"line":87,"column":17},"end":{"line":87,"column":20}},"loc":{"start":{"line":87,"column":23},"end":{"line":87,"column":52}}}},"branchMap":{"0":{"loc":{"start":{"line":17,"column":4},"end":{"line":21,"column":17}},"type":"binary-expr","locations":[{"start":{"line":17,"column":4},"end":{"line":17,"column":13}},{"start":{"line":18,"column":4},"end":{"line":18,"column":18}},{"start":{"line":19,"column":4},"end":{"line":19,"column":14}},{"start":{"line":20,"column":4},"end":{"line":20,"column":17}},{"start":{"line":21,"column":4},"end":{"line":21,"column":17}}]},"1":{"loc":{"start":{"line":54,"column":6},"end":{"line":55,"column":67}},"type":"if","locations":[{"start":{"line":54,"column":6},"end":{"line":55,"column":67}},{"start":{"line":55,"column":11},"end":{"line":55,"column":67}}]},"2":{"loc":{"start":{"line":64,"column":2},"end":{"line":67,"column":null}},"type":"if","locations":[{"start":{"line":64,"column":2},"end":{"line":67,"column":null}}]},"3":{"loc":{"start":{"line":71,"column":4},"end":{"line":74,"column":9}},"type":"if","locations":[{"start":{"line":71,"column":4},"end":{"line":74,"column":9}}]}},"s":{"0":1,"1":1,"2":1,"3":1,"4":1,"5":1,"6":1,"7":1,"8":4,"9":4,"10":1,"11":1,"12":1,"13":1,"14":1,"15":0,"16":1,"17":1,"18":1,"19":1,"20":1,"21":1,"22":1,"23":2,"24":2,"25":2,"26":1,"27":2,"28":2,"29":2,"30":1,"31":1,"32":0,"33":1,"34":4,"35":4,"36":4,"37":1,"38":1,"39":3,"40":3,"41":3,"42":1,"43":2,"44":2,"45":2,"46":2,"47":2,"48":2,"49":0,"50":1,"51":1,"52":1},"f":{"0":4,"1":1,"2":1,"3":1,"4":0,"5":1,"6":1,"7":2,"8":2,"9":2,"10":2,"11":2,"12":0,"13":4,"14":4,"15":1},"b":{"0":[4,4,3,3,3],"1":[1,1],"2":[1],"3":[1]}}
,"/Users/jayasurya.karthikeyan/Desktop/Node/TS-monorepo/workspaces/package2/schema/userSchema.ts": {"path":"/Users/jayasurya.karthikeyan/Desktop/Node/TS-monorepo/workspaces/package2/schema/userSchema.ts","statementMap":{"0":{"start":{"line":1,"column":0},"end":{"line":1,"column":32}},"1":{"start":{"line":3,"column":21},"end":{"line":32,"column":2}},"2":{"start":{"line":34,"column":0},"end":{"line":34,"column":52}}},"fnMap":{},"branchMap":{},"s":{"0":1,"1":1,"2":1},"f":{},"b":{}}
}
