TN:
SF:dist/workspaces/package1/index.js
FN:2,(anonymous_0)
FN:3,adopt
FN:3,(anonymous_2)
FN:4,(anonymous_3)
FN:5,fulfilled
FN:6,rejected
FN:7,step
FN:11,(anonymous_7)
FN:17,(anonymous_8)
FN:17,(anonymous_9)
FN:26,(anonymous_10)
FN:27,(anonymous_11)
FNF:12
FNH:9
FNDA:1,(anonymous_0)
FNDA:1,adopt
FNDA:0,(anonymous_2)
FNDA:1,(anonymous_3)
FNDA:1,fulfilled
FNDA:0,rejected
FNDA:2,step
FNDA:1,(anonymous_7)
FNDA:1,(anonymous_8)
FNDA:1,(anonymous_9)
FNDA:1,(anonymous_10)
FNDA:0,(anonymous_11)
DA:2,1
DA:3,1
DA:4,1
DA:5,1
DA:6,0
DA:7,2
DA:8,1
DA:11,1
DA:12,1
DA:14,1
DA:15,1
DA:16,1
DA:17,1
DA:18,1
DA:19,1
DA:20,1
DA:24,1
DA:26,1
DA:27,0
DA:29,1
LF:20
LH:18
BRDA:2,0,0,1
BRDA:2,0,1,1
BRDA:2,0,2,1
BRDA:3,1,0,1
BRDA:3,1,1,0
BRDA:4,2,0,1
BRDA:4,2,1,1
BRDA:7,3,0,1
BRDA:7,3,1,1
BRDA:8,4,0,1
BRDA:8,4,1,1
BRDA:11,5,0,1
BRDA:11,5,1,1
BRDA:11,5,2,1
BRDA:12,6,0,0
BRDA:12,6,1,1
BRDA:12,7,0,1
BRDA:12,7,1,1
BRDA:19,8,0,1
BRDA:19,8,1,0
BRF:20
BRH:17
end_of_record
TN:
SF:workspaces/package2/index.ts
FN:14,(anonymous_8)
FN:25,(anonymous_9)
FN:25,(anonymous_10)
FN:29,(anonymous_11)
FN:30,(anonymous_12)
FN:33,(anonymous_13)
FN:33,(anonymous_14)
FN:45,(anonymous_15)
FN:45,(anonymous_16)
FN:50,(anonymous_17)
FN:50,(anonymous_18)
FN:53,(anonymous_19)
FN:57,(anonymous_20)
FN:62,(anonymous_21)
FN:62,(anonymous_22)
FN:87,(anonymous_23)
FNF:16
FNH:14
FNDA:4,(anonymous_8)
FNDA:1,(anonymous_9)
FNDA:1,(anonymous_10)
FNDA:1,(anonymous_11)
FNDA:0,(anonymous_12)
FNDA:1,(anonymous_13)
FNDA:1,(anonymous_14)
FNDA:2,(anonymous_15)
FNDA:2,(anonymous_16)
FNDA:2,(anonymous_17)
FNDA:2,(anonymous_18)
FNDA:2,(anonymous_19)
FNDA:0,(anonymous_20)
FNDA:4,(anonymous_21)
FNDA:4,(anonymous_22)
FNDA:1,(anonymous_23)
DA:1,1
DA:2,1
DA:4,1
DA:6,1
DA:8,1
DA:9,1
DA:12,1
DA:14,1
DA:15,4
DA:16,4
DA:25,1
DA:26,1
DA:27,1
DA:29,1
DA:30,0
DA:33,1
DA:34,1
DA:42,1
DA:45,2
DA:46,2
DA:47,2
DA:50,2
DA:51,2
DA:54,2
DA:55,1
DA:58,0
DA:62,4
DA:63,4
DA:64,4
DA:65,1
DA:66,1
DA:68,3
DA:70,3
DA:71,3
DA:72,1
DA:75,2
DA:76,2
DA:78,2
DA:79,2
DA:80,2
DA:81,2
DA:83,0
DA:87,1
DA:93,1
DA:94,1
LF:45
LH:42
BRDA:17,0,0,4
BRDA:17,0,1,4
BRDA:17,0,2,3
BRDA:17,0,3,3
BRDA:17,0,4,3
BRDA:54,1,0,1
BRDA:54,1,1,1
BRDA:64,2,0,1
BRDA:71,3,0,1
BRF:9
BRH:9
end_of_record
TN:
SF:workspaces/package2/schema/userSchema.ts
FNF:0
FNH:0
DA:1,1
DA:3,1
DA:34,1
LF:3
LH:3
BRF:0
BRH:0
end_of_record
